<?xml version="1.0" encoding="UTF-8"?>
<!-- Generated by org.testng.reporters.JUnitXMLReporter -->
<testsuite hostname="Olhas-Air" failures="0" tests="2" name="JavaCore3" time="0.128" errors="0" timestamp="4 Jul 2020 20:17:57 GMT">
  <testcase classname="seleniumTests.PlaylistTests" name="@BeforeMethod startUp" time="0.0">
    <failure type="org.testng.TestNGException" message="
Parameter &amp;apos;email&amp;apos; is required by @Configuration on method startUp but has not been marked @Optional or defined
in /Users/olhaobertas/Library/Caches/JetBrains/IdeaIC2020.1/temp-testng-customsuite.xml">
      <![CDATA[org.testng.TestNGException: 
Parameter 'email' is required by @Configuration on method startUp but has not been marked @Optional or defined
in /Users/olhaobertas/Library/Caches/JetBrains/IdeaIC2020.1/temp-testng-customsuite.xml
	at com.intellij.rt.testng.IDEARemoteTestNG.run(IDEARemoteTestNG.java:66)
	at com.intellij.rt.testng.RemoteTestNGStarter.main(RemoteTestNGStarter.java:110)
... Removed 20 stack frames]]>
    </failure>
  </testcase> <!-- @BeforeMethod startUp -->
  <testcase classname="seleniumTests.PlaylistTests" name="@AfterMethod tearDown" time="0.0">
    <skipped/>
  </testcase> <!-- @AfterMethod tearDown -->
  <testcase classname="seleniumTests.PlaylistTestsNew" name="@BeforeMethod startUp" time="0.0">
    <skipped/>
  </testcase> <!-- @BeforeMethod startUp -->
  <testcase classname="seleniumTests.PlaylistTestsNew" name="@AfterMethod tearDown" time="0.0">
    <skipped/>
  </testcase> <!-- @AfterMethod tearDown -->
  <testcase classname="seleniumTests.PlaylistTests" name="playlistTests_createPlaylist_playlistCreated" time="0.041">
    <skipped/>
  </testcase> <!-- playlistTests_createPlaylist_playlistCreated -->
  <testcase classname="seleniumTests.PlaylistTestsNew" name="playlistTests_createPlaylist_playlistCreated1" time="0.001">
    <skipped/>
  </testcase> <!-- playlistTests_createPlaylist_playlistCreated1 -->
</testsuite> <!-- JavaCore3 -->
