<?xml version="1.0" encoding="UTF-8"?>
<!-- Generated by org.testng.reporters.JUnitXMLReporter -->
<testsuite ignored="0" hostname="DESKTOP-EQ8QGLE" failures="0" tests="8" name="All Tests" time="0.153" errors="0" timestamp="2020-07-02T20:51:52 PDT">
  <testcase classname="seleniumTest.RefactoringOverallMethods" name="@BeforeMethod startUp" time="-1.593748312289E9">
    <failure type="org.testng.TestNGException" message="
Parameter &amp;apos;browser&amp;apos; is required by BeforeMethod on method startUp but has not been marked @Optional or defined
in C:\Users\12068\IdeaProjects\JavaCore3\testngParallelThreads.xml">
      <![CDATA[org.testng.TestNGException: 
Parameter 'browser' is required by BeforeMethod on method startUp but has not been marked @Optional or defined
in C:\Users\12068\IdeaProjects\JavaCore3\testngParallelThreads.xml
at java.base/java.util.concurrent.ThreadPoolExecutor.runWorker(ThreadPoolExecutor.java:1128)
at java.base/java.util.concurrent.ThreadPoolExecutor$Worker.run(ThreadPoolExecutor.java:628)
at java.base/java.lang.Thread.run(Thread.java:835)
... Removed 13 stack frames]]>
    </failure>
  </testcase> <!-- @BeforeMethod startUp -->
  <testcase classname="seleniumTest.RefactoringOverallMethods" name="@BeforeMethod startUp" time="-1.593748312289E9">
    <failure type="org.testng.TestNGException" message="
Parameter &amp;apos;browser&amp;apos; is required by BeforeMethod on method startUp but has not been marked @Optional or defined
in C:\Users\12068\IdeaProjects\JavaCore3\testngParallelThreads.xml">
      <![CDATA[org.testng.TestNGException: 
Parameter 'browser' is required by BeforeMethod on method startUp but has not been marked @Optional or defined
in C:\Users\12068\IdeaProjects\JavaCore3\testngParallelThreads.xml
at java.base/java.util.concurrent.ThreadPoolExecutor.runWorker(ThreadPoolExecutor.java:1128)
at java.base/java.util.concurrent.ThreadPoolExecutor$Worker.run(ThreadPoolExecutor.java:628)
at java.base/java.lang.Thread.run(Thread.java:835)
... Removed 13 stack frames]]>
    </failure>
  </testcase> <!-- @BeforeMethod startUp -->
  <testcase classname="seleniumTest.RefactoringOverallMethods" name="@AfterMethod tearDown" time="-1.593748312321E9">
    <skipped/>
  </testcase> <!-- @AfterMethod tearDown -->
  <testcase classname="seleniumTest.RefactoringOverallMethods" name="@BeforeMethod startUp" time="-1.593748312322E9">
    <skipped/>
  </testcase> <!-- @BeforeMethod startUp -->
  <testcase classname="seleniumTest.RefactoringOverallMethods" name="@AfterMethod tearDown" time="-1.593748312327E9">
    <skipped/>
  </testcase> <!-- @AfterMethod tearDown -->
  <testcase classname="seleniumTest.RefactoringOverallMethods" name="@AfterMethod tearDown" time="-1.59374831232E9">
    <skipped/>
  </testcase> <!-- @AfterMethod tearDown -->
  <testcase classname="seleniumTest.RefactoringOverallMethods" name="@BeforeMethod startUp" time="-1.593748312331E9">
    <skipped/>
  </testcase> <!-- @BeforeMethod startUp -->
  <testcase classname="seleniumTest.RefactoringOverallMethods" name="@AfterMethod tearDown" time="-1.593748312333E9">
    <skipped/>
  </testcase> <!-- @AfterMethod tearDown -->
  <testcase classname="seleniumTest.RefactoringOverallMethods" name="@BeforeMethod startUp" time="-1.593748312332E9">
    <skipped/>
  </testcase> <!-- @BeforeMethod startUp -->
  <testcase classname="seleniumTest.RefactoringOverallMethods" name="@BeforeMethod startUp" time="-1.593748312334E9">
    <skipped/>
  </testcase> <!-- @BeforeMethod startUp -->
  <testcase classname="seleniumTest.RefactoringOverallMethods" name="@AfterMethod tearDown" time="-1.593748312335E9">
    <skipped/>
  </testcase> <!-- @AfterMethod tearDown -->
  <testcase classname="seleniumTest.RefactoringOverallMethods" name="@AfterMethod tearDown" time="-1.593748312334E9">
    <skipped/>
  </testcase> <!-- @AfterMethod tearDown -->
  <testcase classname="seleniumTest.RefactoringOverallMethods" name="@BeforeMethod startUp" time="-1.593748312337E9">
    <skipped/>
  </testcase> <!-- @BeforeMethod startUp -->
  <testcase classname="seleniumTest.RefactoringOverallMethods" name="@AfterMethod tearDown" time="-1.593748312345E9">
    <skipped/>
  </testcase> <!-- @AfterMethod tearDown -->
  <testcase classname="seleniumTest.RefactoringOverallMethods" name="@BeforeMethod startUp" time="-1.593748312347E9">
    <skipped/>
  </testcase> <!-- @BeforeMethod startUp -->
  <testcase classname="seleniumTest.RefactoringOverallMethods" name="@AfterMethod tearDown" time="-1.593748312348E9">
    <skipped/>
  </testcase> <!-- @AfterMethod tearDown -->
  <testcase classname="seleniumTest.LoginTestNew" name="loginTest_CorrectCredentials_LoggedToApp" time="0.0">
    <skipped/>
  </testcase> <!-- loginTest_CorrectCredentials_LoggedToApp -->
  <testcase classname="seleniumTest.LoginTest" name="loginTest_CorrectCredentials_LoggedToApp" time="0.0">
    <skipped/>
  </testcase> <!-- loginTest_CorrectCredentials_LoggedToApp -->
  <testcase classname="seleniumTest.LoginTest" name="loginTest_CorrectCredentials_LoggedToApp1" time="0.0">
    <skipped/>
  </testcase> <!-- loginTest_CorrectCredentials_LoggedToApp1 -->
  <testcase classname="seleniumTest.LoginTest" name="loginTest_CorrectCredentials_LoggedToApp2" time="0.0">
    <skipped/>
  </testcase> <!-- loginTest_CorrectCredentials_LoggedToApp2 -->
  <testcase classname="seleniumTest.LoginTestNew" name="loginTest_CorrectCredentials_LoggedToApp1" time="0.0">
    <skipped/>
  </testcase> <!-- loginTest_CorrectCredentials_LoggedToApp1 -->
  <testcase classname="seleniumTest.LoginTest" name="loginTest_CorrectCredentials_LoggedToApp3" time="0.0">
    <skipped/>
  </testcase> <!-- loginTest_CorrectCredentials_LoggedToApp3 -->
  <testcase classname="seleniumTest.LoginTestNew" name="loginTest_CorrectCredentials_LoggedToApp2" time="0.0">
    <skipped/>
  </testcase> <!-- loginTest_CorrectCredentials_LoggedToApp2 -->
  <testcase classname="seleniumTest.LoginTestNew" name="loginTest_CorrectCredentials_LoggedToApp3" time="0.0">
    <skipped/>
  </testcase> <!-- loginTest_CorrectCredentials_LoggedToApp3 -->
</testsuite> <!-- All Tests -->
