<!DOCTYPE html>

<html>
  <head>
  <meta charset='utf-8'>
  <title>TestNG reports</title>

    <link type="text/css" href="testng-reports.css" rel="stylesheet" />
    <script type="text/javascript" src="jquery-3.4.1.min.js"></script>
    <script type="text/javascript" src="testng-reports.js"></script>
    <script type="text/javascript" src="https://www.google.com/jsapi"></script>
    <script type='text/javascript'>
      google.load('visualization', '1', {packages:['table']});
      google.setOnLoadCallback(drawTable);
      var suiteTableInitFunctions = new Array();
      var suiteTableData = new Array();
    </script>
    <!--
      <script type="text/javascript" src="jquery-ui/js/jquery-ui-1.8.16.custom.min.js"></script>
     -->
  </head>

  <body>
    <div class="top-banner-root">
      <span class="top-banner-title-font">Test results</span>
      <br/>
      <span class="top-banner-font-1">1 suite</span>
    </div> <!-- top-banner-root -->
    <div class="navigator-root">
      <div class="navigator-suite-header">
        <span>All suites</span>
        <a href="#" title="Collapse/expand all the suites" class="collapse-all-link">
          <img src="collapseall.gif" class="collapse-all-icon">
          </img> <!-- collapse-all-icon -->
        </a> <!-- collapse-all-link -->
      </div> <!-- navigator-suite-header -->
      <div class="suite">
        <div class="rounded-window">
          <div class="suite-header light-rounded-window-top">
            <a href="#" panel-name="suite-Master_Suite" class="navigator-link">
              <span class="suite-name border-skipped">Master Suite</span>
            </a> <!-- navigator-link -->
          </div> <!-- suite-header light-rounded-window-top -->
          <div class="navigator-suite-content">
            <div class="suite-section-title">
              <span>Info</span>
            </div> <!-- suite-section-title -->
            <div class="suite-section-content">
              <ul>
                <li>
                  <a href="#" panel-name="test-xml-Master_Suite" class="navigator-link ">
                    <span>C:\Users\12068\IdeaProjects\JavaCore3\testngParallelThreads.xml</span>
                  </a> <!-- navigator-link  -->
                </li>
                <li>
                  <a href="#" panel-name="testlist-Master_Suite" class="navigator-link ">
                    <span class="test-stats">1 test</span>
                  </a> <!-- navigator-link  -->
                </li>
                <li>
                  <a href="#" panel-name="group-Master_Suite" class="navigator-link ">
                    <span>0 groups</span>
                  </a> <!-- navigator-link  -->
                </li>
                <li>
                  <a href="#" panel-name="times-Master_Suite" class="navigator-link ">
                    <span>Times</span>
                  </a> <!-- navigator-link  -->
                </li>
                <li>
                  <a href="#" panel-name="reporter-Master_Suite" class="navigator-link ">
                    <span>Reporter output</span>
                  </a> <!-- navigator-link  -->
                </li>
                <li>
                  <a href="#" panel-name="ignored-methods-Master_Suite" class="navigator-link ">
                    <span>Ignored methods</span>
                  </a> <!-- navigator-link  -->
                </li>
                <li>
                  <a href="#" panel-name="chronological-Master_Suite" class="navigator-link ">
                    <span>Chronological view</span>
                  </a> <!-- navigator-link  -->
                </li>
              </ul>
            </div> <!-- suite-section-content -->
            <div class="result-section">
              <div class="suite-section-title">
                <span>Results</span>
              </div> <!-- suite-section-title -->
              <div class="suite-section-content">
                <ul>
                  <li>
                    <span class="method-stats">8 methods,  8 skipped,  </span>
                  </li>
                  <li>
                    <span class="method-list-title skipped">Skipped methods</span>
                    <span class="show-or-hide-methods skipped">
                      <a href="#" panel-name="suite-Master_Suite" class="hide-methods skipped suite-Master_Suite"> (hide)</a> <!-- hide-methods skipped suite-Master_Suite -->
                      <a href="#" panel-name="suite-Master_Suite" class="show-methods skipped suite-Master_Suite"> (show)</a> <!-- show-methods skipped suite-Master_Suite -->
                    </span>
                    <div class="method-list-content skipped suite-Master_Suite">
                      <span>
                        <img src="skipped.png" width="3%"/>
                        <a href="#" panel-name="suite-Master_Suite" title="seleniumTest.LoginTestNew" class="method navigator-link" hash-for-method="loginTest_CorrectCredentials_LoggedToApp">loginTest_CorrectCredentials_LoggedToApp</a> <!-- method navigator-link -->
                      </span>
                      <br/>
                      <span>
                        <img src="skipped.png" width="3%"/>
                        <a href="#" panel-name="suite-Master_Suite" title="seleniumTest.LoginTest" class="method navigator-link" hash-for-method="loginTest_CorrectCredentials_LoggedToApp">loginTest_CorrectCredentials_LoggedToApp</a> <!-- method navigator-link -->
                      </span>
                      <br/>
                      <span>
                        <img src="skipped.png" width="3%"/>
                        <a href="#" panel-name="suite-Master_Suite" title="seleniumTest.LoginTestNew" class="method navigator-link" hash-for-method="loginTest_CorrectCredentials_LoggedToApp1">loginTest_CorrectCredentials_LoggedToApp1</a> <!-- method navigator-link -->
                      </span>
                      <br/>
                      <span>
                        <img src="skipped.png" width="3%"/>
                        <a href="#" panel-name="suite-Master_Suite" title="seleniumTest.LoginTest" class="method navigator-link" hash-for-method="loginTest_CorrectCredentials_LoggedToApp1">loginTest_CorrectCredentials_LoggedToApp1</a> <!-- method navigator-link -->
                      </span>
                      <br/>
                      <span>
                        <img src="skipped.png" width="3%"/>
                        <a href="#" panel-name="suite-Master_Suite" title="seleniumTest.LoginTest" class="method navigator-link" hash-for-method="loginTest_CorrectCredentials_LoggedToApp2">loginTest_CorrectCredentials_LoggedToApp2</a> <!-- method navigator-link -->
                      </span>
                      <br/>
                      <span>
                        <img src="skipped.png" width="3%"/>
                        <a href="#" panel-name="suite-Master_Suite" title="seleniumTest.LoginTestNew" class="method navigator-link" hash-for-method="loginTest_CorrectCredentials_LoggedToApp2">loginTest_CorrectCredentials_LoggedToApp2</a> <!-- method navigator-link -->
                      </span>
                      <br/>
                      <span>
                        <img src="skipped.png" width="3%"/>
                        <a href="#" panel-name="suite-Master_Suite" title="seleniumTest.LoginTestNew" class="method navigator-link" hash-for-method="loginTest_CorrectCredentials_LoggedToApp3">loginTest_CorrectCredentials_LoggedToApp3</a> <!-- method navigator-link -->
                      </span>
                      <br/>
                      <span>
                        <img src="skipped.png" width="3%"/>
                        <a href="#" panel-name="suite-Master_Suite" title="seleniumTest.LoginTest" class="method navigator-link" hash-for-method="loginTest_CorrectCredentials_LoggedToApp3">loginTest_CorrectCredentials_LoggedToApp3</a> <!-- method navigator-link -->
                      </span>
                      <br/>
                    </div> <!-- method-list-content skipped suite-Master_Suite -->
                  </li>
                </ul>
              </div> <!-- suite-section-content -->
            </div> <!-- result-section -->
          </div> <!-- navigator-suite-content -->
        </div> <!-- rounded-window -->
      </div> <!-- suite -->
    </div> <!-- navigator-root -->
    <div class="wrapper">
      <div class="main-panel-root">
        <div panel-name="suite-Master_Suite" class="panel Master_Suite">
          <div class="suite-Master_Suite-class-skipped">
            <div class="main-panel-header rounded-window-top">
              <img src="skipped.png"/>
              <span class="class-name">seleniumTest.LoginTestNew</span>
            </div> <!-- main-panel-header rounded-window-top -->
            <div class="main-panel-content rounded-window-bottom">
              <div class="method">
                <div class="method-content">
                  <a name="loginTest_CorrectCredentials_LoggedToApp">
                  </a> <!-- loginTest_CorrectCredentials_LoggedToApp -->
                  <span class="method-name">loginTest_CorrectCredentials_LoggedToApp</span>
                  <div class="stack-trace">org.testng.TestNGException: 
Parameter &apos;browser&apos; is required by BeforeMethod on method startUp but has not been marked @Optional or defined
in C:\Users\12068\IdeaProjects\JavaCore3\testngParallelThreads.xml
	at java.base/java.util.concurrent.ThreadPoolExecutor.runWorker(ThreadPoolExecutor.java:1128)
	at java.base/java.util.concurrent.ThreadPoolExecutor$Worker.run(ThreadPoolExecutor.java:628)
	at java.base/java.lang.Thread.run(Thread.java:835)
... Removed 13 stack frames
</div> <!-- stack-trace -->
                </div> <!-- method-content -->
              </div> <!-- method -->
              <div class="method">
                <div class="method-content">
                  <a name="loginTest_CorrectCredentials_LoggedToApp1">
                  </a> <!-- loginTest_CorrectCredentials_LoggedToApp1 -->
                  <span class="method-name">loginTest_CorrectCredentials_LoggedToApp1</span>
                  <div class="stack-trace">org.testng.TestNGException: 
Parameter &apos;browser&apos; is required by BeforeMethod on method startUp but has not been marked @Optional or defined
in C:\Users\12068\IdeaProjects\JavaCore3\testngParallelThreads.xml
	at java.base/java.util.concurrent.ThreadPoolExecutor.runWorker(ThreadPoolExecutor.java:1128)
	at java.base/java.util.concurrent.ThreadPoolExecutor$Worker.run(ThreadPoolExecutor.java:628)
	at java.base/java.lang.Thread.run(Thread.java:835)
... Removed 13 stack frames
</div> <!-- stack-trace -->
                </div> <!-- method-content -->
              </div> <!-- method -->
              <div class="method">
                <div class="method-content">
                  <a name="loginTest_CorrectCredentials_LoggedToApp2">
                  </a> <!-- loginTest_CorrectCredentials_LoggedToApp2 -->
                  <span class="method-name">loginTest_CorrectCredentials_LoggedToApp2</span>
                  <div class="stack-trace">org.testng.TestNGException: 
Parameter &apos;browser&apos; is required by BeforeMethod on method startUp but has not been marked @Optional or defined
in C:\Users\12068\IdeaProjects\JavaCore3\testngParallelThreads.xml
	at java.base/java.util.concurrent.ThreadPoolExecutor.runWorker(ThreadPoolExecutor.java:1128)
	at java.base/java.util.concurrent.ThreadPoolExecutor$Worker.run(ThreadPoolExecutor.java:628)
	at java.base/java.lang.Thread.run(Thread.java:835)
... Removed 13 stack frames
</div> <!-- stack-trace -->
                </div> <!-- method-content -->
              </div> <!-- method -->
              <div class="method">
                <div class="method-content">
                  <a name="loginTest_CorrectCredentials_LoggedToApp3">
                  </a> <!-- loginTest_CorrectCredentials_LoggedToApp3 -->
                  <span class="method-name">loginTest_CorrectCredentials_LoggedToApp3</span>
                  <div class="stack-trace">org.testng.TestNGException: 
Parameter &apos;browser&apos; is required by BeforeMethod on method startUp but has not been marked @Optional or defined
in C:\Users\12068\IdeaProjects\JavaCore3\testngParallelThreads.xml
	at java.base/java.util.concurrent.ThreadPoolExecutor.runWorker(ThreadPoolExecutor.java:1128)
	at java.base/java.util.concurrent.ThreadPoolExecutor$Worker.run(ThreadPoolExecutor.java:628)
	at java.base/java.lang.Thread.run(Thread.java:835)
... Removed 13 stack frames
</div> <!-- stack-trace -->
                </div> <!-- method-content -->
              </div> <!-- method -->
            </div> <!-- main-panel-content rounded-window-bottom -->
          </div> <!-- suite-Master_Suite-class-skipped -->
          <div class="suite-Master_Suite-class-skipped">
            <div class="main-panel-header rounded-window-top">
              <img src="skipped.png"/>
              <span class="class-name">seleniumTest.LoginTest</span>
            </div> <!-- main-panel-header rounded-window-top -->
            <div class="main-panel-content rounded-window-bottom">
              <div class="method">
                <div class="method-content">
                  <a name="loginTest_CorrectCredentials_LoggedToApp">
                  </a> <!-- loginTest_CorrectCredentials_LoggedToApp -->
                  <span class="method-name">loginTest_CorrectCredentials_LoggedToApp</span>
                  <div class="stack-trace">org.testng.TestNGException: 
Parameter &apos;browser&apos; is required by BeforeMethod on method startUp but has not been marked @Optional or defined
in C:\Users\12068\IdeaProjects\JavaCore3\testngParallelThreads.xml
	at java.base/java.util.concurrent.ThreadPoolExecutor.runWorker(ThreadPoolExecutor.java:1128)
	at java.base/java.util.concurrent.ThreadPoolExecutor$Worker.run(ThreadPoolExecutor.java:628)
	at java.base/java.lang.Thread.run(Thread.java:835)
... Removed 13 stack frames
</div> <!-- stack-trace -->
                </div> <!-- method-content -->
              </div> <!-- method -->
              <div class="method">
                <div class="method-content">
                  <a name="loginTest_CorrectCredentials_LoggedToApp1">
                  </a> <!-- loginTest_CorrectCredentials_LoggedToApp1 -->
                  <span class="method-name">loginTest_CorrectCredentials_LoggedToApp1</span>
                  <div class="stack-trace">org.testng.TestNGException: 
Parameter &apos;browser&apos; is required by BeforeMethod on method startUp but has not been marked @Optional or defined
in C:\Users\12068\IdeaProjects\JavaCore3\testngParallelThreads.xml
	at java.base/java.util.concurrent.ThreadPoolExecutor.runWorker(ThreadPoolExecutor.java:1128)
	at java.base/java.util.concurrent.ThreadPoolExecutor$Worker.run(ThreadPoolExecutor.java:628)
	at java.base/java.lang.Thread.run(Thread.java:835)
... Removed 13 stack frames
</div> <!-- stack-trace -->
                </div> <!-- method-content -->
              </div> <!-- method -->
              <div class="method">
                <div class="method-content">
                  <a name="loginTest_CorrectCredentials_LoggedToApp2">
                  </a> <!-- loginTest_CorrectCredentials_LoggedToApp2 -->
                  <span class="method-name">loginTest_CorrectCredentials_LoggedToApp2</span>
                  <div class="stack-trace">org.testng.TestNGException: 
Parameter &apos;browser&apos; is required by BeforeMethod on method startUp but has not been marked @Optional or defined
in C:\Users\12068\IdeaProjects\JavaCore3\testngParallelThreads.xml
	at java.base/java.util.concurrent.ThreadPoolExecutor.runWorker(ThreadPoolExecutor.java:1128)
	at java.base/java.util.concurrent.ThreadPoolExecutor$Worker.run(ThreadPoolExecutor.java:628)
	at java.base/java.lang.Thread.run(Thread.java:835)
... Removed 13 stack frames
</div> <!-- stack-trace -->
                </div> <!-- method-content -->
              </div> <!-- method -->
              <div class="method">
                <div class="method-content">
                  <a name="loginTest_CorrectCredentials_LoggedToApp3">
                  </a> <!-- loginTest_CorrectCredentials_LoggedToApp3 -->
                  <span class="method-name">loginTest_CorrectCredentials_LoggedToApp3</span>
                  <div class="stack-trace">org.testng.TestNGException: 
Parameter &apos;browser&apos; is required by BeforeMethod on method startUp but has not been marked @Optional or defined
in C:\Users\12068\IdeaProjects\JavaCore3\testngParallelThreads.xml
	at java.base/java.util.concurrent.ThreadPoolExecutor.runWorker(ThreadPoolExecutor.java:1128)
	at java.base/java.util.concurrent.ThreadPoolExecutor$Worker.run(ThreadPoolExecutor.java:628)
	at java.base/java.lang.Thread.run(Thread.java:835)
... Removed 13 stack frames
</div> <!-- stack-trace -->
                </div> <!-- method-content -->
              </div> <!-- method -->
            </div> <!-- main-panel-content rounded-window-bottom -->
          </div> <!-- suite-Master_Suite-class-skipped -->
        </div> <!-- panel Master_Suite -->
        <div panel-name="test-xml-Master_Suite" class="panel">
          <div class="main-panel-header rounded-window-top">
            <span class="header-content">C:\Users\12068\IdeaProjects\JavaCore3\testngParallelThreads.xml</span>
          </div> <!-- main-panel-header rounded-window-top -->
          <div class="main-panel-content rounded-window-bottom">
            <pre>
&lt;?xml version=&quot;1.0&quot; encoding=&quot;UTF-8&quot;?&gt;
&lt;!DOCTYPE suite SYSTEM &quot;https://testng.org/testng-1.0.dtd&quot;&gt;
&lt;suite thread-count=&quot;4&quot; parallel=&quot;classes&quot; name=&quot;Master Suite&quot; guice-stage=&quot;DEVELOPMENT&quot;&gt;
  &lt;test thread-count=&quot;4&quot; parallel=&quot;classes&quot; name=&quot;All Tests&quot;&gt;
    &lt;classes&gt;
      &lt;class name=&quot;seleniumTest.LoginTest&quot;&gt;
        &lt;methods&gt;
          &lt;include name=&quot;loginTest_CorrectCredentials_LoggedToApp&quot;/&gt;
          &lt;include name=&quot;loginTest_CorrectCredentials_LoggedToApp1&quot;/&gt;
          &lt;include name=&quot;loginTest_CorrectCredentials_LoggedToApp2&quot;/&gt;
          &lt;include name=&quot;loginTest_CorrectCredentials_LoggedToApp3&quot;/&gt;
        &lt;/methods&gt;
      &lt;/class&gt; &lt;!-- seleniumTest.LoginTest --&gt;
      &lt;class name=&quot;seleniumTest.LoginTestNew&quot;&gt;
        &lt;methods&gt;
          &lt;include name=&quot;loginTest_CorrectCredentials_LoggedToApp&quot;/&gt;
          &lt;include name=&quot;loginTest_CorrectCredentials_LoggedToApp1&quot;/&gt;
          &lt;include name=&quot;loginTest_CorrectCredentials_LoggedToApp2&quot;/&gt;
          &lt;include name=&quot;loginTest_CorrectCredentials_LoggedToApp3&quot;/&gt;
        &lt;/methods&gt;
      &lt;/class&gt; &lt;!-- seleniumTest.LoginTestNew --&gt;
    &lt;/classes&gt;
  &lt;/test&gt; &lt;!-- All Tests --&gt;
&lt;/suite&gt; &lt;!-- Master Suite --&gt;
            </pre>
          </div> <!-- main-panel-content rounded-window-bottom -->
        </div> <!-- panel -->
        <div panel-name="testlist-Master_Suite" class="panel">
          <div class="main-panel-header rounded-window-top">
            <span class="header-content">Tests for Master Suite</span>
          </div> <!-- main-panel-header rounded-window-top -->
          <div class="main-panel-content rounded-window-bottom">
            <ul>
              <li>
                <span class="test-name">All Tests (2 classes)</span>
              </li>
            </ul>
          </div> <!-- main-panel-content rounded-window-bottom -->
        </div> <!-- panel -->
        <div panel-name="group-Master_Suite" class="panel">
          <div class="main-panel-header rounded-window-top">
            <span class="header-content">Groups for Master Suite</span>
          </div> <!-- main-panel-header rounded-window-top -->
          <div class="main-panel-content rounded-window-bottom">
          </div> <!-- main-panel-content rounded-window-bottom -->
        </div> <!-- panel -->
        <div panel-name="times-Master_Suite" class="panel">
          <div class="main-panel-header rounded-window-top">
            <span class="header-content">Times for Master Suite</span>
          </div> <!-- main-panel-header rounded-window-top -->
          <div class="main-panel-content rounded-window-bottom">
            <div class="times-div">
              <script type="text/javascript">
suiteTableInitFunctions.push('tableData_Master_Suite');
function tableData_Master_Suite() {
var data = new google.visualization.DataTable();
data.addColumn('number', 'Number');
data.addColumn('string', 'Method');
data.addColumn('string', 'Class');
data.addColumn('number', 'Time (ms)');
data.addRows(8);
data.setCell(0, 0, 0)
data.setCell(0, 1, 'loginTest_CorrectCredentials_LoggedToApp1')
data.setCell(0, 2, 'seleniumTest.LoginTestNew')
data.setCell(0, 3, 0);
data.setCell(1, 0, 1)
data.setCell(1, 1, 'loginTest_CorrectCredentials_LoggedToApp2')
data.setCell(1, 2, 'seleniumTest.LoginTest')
data.setCell(1, 3, 0);
data.setCell(2, 0, 2)
data.setCell(2, 1, 'loginTest_CorrectCredentials_LoggedToApp')
data.setCell(2, 2, 'seleniumTest.LoginTestNew')
data.setCell(2, 3, 0);
data.setCell(3, 0, 3)
data.setCell(3, 1, 'loginTest_CorrectCredentials_LoggedToApp3')
data.setCell(3, 2, 'seleniumTest.LoginTestNew')
data.setCell(3, 3, 0);
data.setCell(4, 0, 4)
data.setCell(4, 1, 'loginTest_CorrectCredentials_LoggedToApp')
data.setCell(4, 2, 'seleniumTest.LoginTest')
data.setCell(4, 3, 0);
data.setCell(5, 0, 5)
data.setCell(5, 1, 'loginTest_CorrectCredentials_LoggedToApp3')
data.setCell(5, 2, 'seleniumTest.LoginTest')
data.setCell(5, 3, 0);
data.setCell(6, 0, 6)
data.setCell(6, 1, 'loginTest_CorrectCredentials_LoggedToApp1')
data.setCell(6, 2, 'seleniumTest.LoginTest')
data.setCell(6, 3, 0);
data.setCell(7, 0, 7)
data.setCell(7, 1, 'loginTest_CorrectCredentials_LoggedToApp2')
data.setCell(7, 2, 'seleniumTest.LoginTestNew')
data.setCell(7, 3, 0);
window.suiteTableData['Master_Suite']= { tableData: data, tableDiv: 'times-div-Master_Suite'}
return data;
}
              </script>
              <span class="suite-total-time">Total running time: 0 ms</span>
              <div id="times-div-Master_Suite">
              </div> <!-- times-div-Master_Suite -->
            </div> <!-- times-div -->
          </div> <!-- main-panel-content rounded-window-bottom -->
        </div> <!-- panel -->
        <div panel-name="reporter-Master_Suite" class="panel">
          <div class="main-panel-header rounded-window-top">
            <span class="header-content">Reporter output for Master Suite</span>
          </div> <!-- main-panel-header rounded-window-top -->
          <div class="main-panel-content rounded-window-bottom">
          </div> <!-- main-panel-content rounded-window-bottom -->
        </div> <!-- panel -->
        <div panel-name="ignored-methods-Master_Suite" class="panel">
          <div class="main-panel-header rounded-window-top">
            <span class="header-content">0 ignored methods</span>
          </div> <!-- main-panel-header rounded-window-top -->
          <div class="main-panel-content rounded-window-bottom">
          </div> <!-- main-panel-content rounded-window-bottom -->
        </div> <!-- panel -->
        <div panel-name="chronological-Master_Suite" class="panel">
          <div class="main-panel-header rounded-window-top">
            <span class="header-content">Methods in chronological order</span>
          </div> <!-- main-panel-header rounded-window-top -->
          <div class="main-panel-content rounded-window-bottom">
            <div class="chronological-class">
              <div class="chronological-class-name">seleniumTest.LoginTestNew</div> <!-- chronological-class-name -->
              <div class="test-method">
                <span class="method-name">loginTest_CorrectCredentials_LoggedToApp</span>
                <span class="method-start">0 ms</span>
              </div> <!-- test-method -->
            </div> <!-- chronological-class -->
            <div class="chronological-class">
              <div class="chronological-class-name">seleniumTest.LoginTest</div> <!-- chronological-class-name -->
              <div class="test-method">
                <span class="method-name">loginTest_CorrectCredentials_LoggedToApp</span>
                <span class="method-start">0 ms</span>
              </div> <!-- test-method -->
            </div> <!-- chronological-class -->
            <div class="chronological-class">
              <div class="chronological-class-name">seleniumTest.LoginTestNew</div> <!-- chronological-class-name -->
              <div class="configuration-method after">
                <span class="method-name">tearDown</span>
                <span class="method-start">5 ms</span>
              </div> <!-- configuration-method after -->
            </div> <!-- chronological-class -->
            <div class="chronological-class">
              <div class="chronological-class-name">seleniumTest.LoginTest</div> <!-- chronological-class-name -->
              <div class="configuration-method after">
                <span class="method-name">tearDown</span>
                <span class="method-start">6 ms</span>
              </div> <!-- configuration-method after -->
              <div class="configuration-method before">
                <span class="method-name">startUp</span>
                <span class="method-start">7 ms</span>
              </div> <!-- configuration-method before -->
              <div class="test-method">
                <span class="method-name">loginTest_CorrectCredentials_LoggedToApp1</span>
                <span class="method-start">10 ms</span>
              </div> <!-- test-method -->
              <div class="configuration-method after">
                <span class="method-name">tearDown</span>
                <span class="method-start">12 ms</span>
              </div> <!-- configuration-method after -->
              <div class="configuration-method before">
                <span class="method-name">startUp</span>
                <span class="method-start">16 ms</span>
              </div> <!-- configuration-method before -->
              <div class="test-method">
                <span class="method-name">loginTest_CorrectCredentials_LoggedToApp2</span>
                <span class="method-start">17 ms</span>
              </div> <!-- test-method -->
            </div> <!-- chronological-class -->
            <div class="chronological-class">
              <div class="chronological-class-name">seleniumTest.LoginTestNew</div> <!-- chronological-class-name -->
              <div class="configuration-method before">
                <span class="method-name">startUp</span>
                <span class="method-start">17 ms</span>
              </div> <!-- configuration-method before -->
            </div> <!-- chronological-class -->
            <div class="chronological-class">
              <div class="chronological-class-name">seleniumTest.LoginTest</div> <!-- chronological-class-name -->
              <div class="configuration-method after">
                <span class="method-name">tearDown</span>
                <span class="method-start">18 ms</span>
              </div> <!-- configuration-method after -->
            </div> <!-- chronological-class -->
            <div class="chronological-class">
              <div class="chronological-class-name">seleniumTest.LoginTestNew</div> <!-- chronological-class-name -->
              <div class="test-method">
                <span class="method-name">loginTest_CorrectCredentials_LoggedToApp1</span>
                <span class="method-start">19 ms</span>
              </div> <!-- test-method -->
            </div> <!-- chronological-class -->
            <div class="chronological-class">
              <div class="chronological-class-name">seleniumTest.LoginTest</div> <!-- chronological-class-name -->
              <div class="configuration-method before">
                <span class="method-name">startUp</span>
                <span class="method-start">19 ms</span>
              </div> <!-- configuration-method before -->
            </div> <!-- chronological-class -->
            <div class="chronological-class">
              <div class="chronological-class-name">seleniumTest.LoginTestNew</div> <!-- chronological-class-name -->
              <div class="configuration-method after">
                <span class="method-name">tearDown</span>
                <span class="method-start">19 ms</span>
              </div> <!-- configuration-method after -->
            </div> <!-- chronological-class -->
            <div class="chronological-class">
              <div class="chronological-class-name">seleniumTest.LoginTest</div> <!-- chronological-class-name -->
              <div class="test-method">
                <span class="method-name">loginTest_CorrectCredentials_LoggedToApp3</span>
                <span class="method-start">20 ms</span>
              </div> <!-- test-method -->
              <div class="configuration-method after">
                <span class="method-name">tearDown</span>
                <span class="method-start">20 ms</span>
              </div> <!-- configuration-method after -->
            </div> <!-- chronological-class -->
            <div class="chronological-class">
              <div class="chronological-class-name">seleniumTest.LoginTestNew</div> <!-- chronological-class-name -->
              <div class="configuration-method before">
                <span class="method-name">startUp</span>
                <span class="method-start">22 ms</span>
              </div> <!-- configuration-method before -->
              <div class="test-method">
                <span class="method-name">loginTest_CorrectCredentials_LoggedToApp2</span>
                <span class="method-start">22 ms</span>
              </div> <!-- test-method -->
              <div class="configuration-method after">
                <span class="method-name">tearDown</span>
                <span class="method-start">30 ms</span>
              </div> <!-- configuration-method after -->
              <div class="configuration-method before">
                <span class="method-name">startUp</span>
                <span class="method-start">32 ms</span>
              </div> <!-- configuration-method before -->
              <div class="test-method">
                <span class="method-name">loginTest_CorrectCredentials_LoggedToApp3</span>
                <span class="method-start">32 ms</span>
              </div> <!-- test-method -->
              <div class="configuration-method after">
                <span class="method-name">tearDown</span>
                <span class="method-start">33 ms</span>
              </div> <!-- configuration-method after -->
          </div> <!-- main-panel-content rounded-window-bottom -->
        </div> <!-- panel -->
      </div> <!-- main-panel-root -->
    </div> <!-- wrapper -->
  </body>
</html>
