<?xml version="1.0" encoding="UTF-8"?>
<!-- Generated by org.testng.reporters.JUnitReportReporter -->
<testsuite hostname="DESKTOP-EQ8QGLE" failures="0" tests="5" name="seleniumTest.LoginTestNew" time="-1593748352.000" errors="1" timestamp="2020-07-02T20:51:52 PDT" skipped="4">
  <testcase classname="seleniumTest.LoginTestNew" name="startUp" time="-1593748352.000">
    <error message="
Parameter &#039;browser&#039; is required by BeforeMethod on method startUp but has not been marked @Optional or defined
in C:\Users\12068\IdeaProjects\JavaCore3\testngParallelThreads.xml" type="org.testng.TestNGException">
      <![CDATA[org.testng.TestNGException: 
Parameter 'browser' is required by BeforeMethod on method startUp but has not been marked @Optional or defined
in C:\Users\12068\IdeaProjects\JavaCore3\testngParallelThreads.xml
at org.testng.internal.Parameters.createParams(Parameters.java:272)
at org.testng.internal.Parameters.createParametersForMethod(Parameters.java:360)
at org.testng.internal.Parameters.createParameters(Parameters.java:704)
at org.testng.internal.Parameters.createConfigurationParameters(Parameters.java:166)
at org.testng.internal.ConfigInvoker.invokeConfigurations(ConfigInvoker.java:283)
at org.testng.internal.TestInvoker.runConfigMethods(TestInvoker.java:695)
at org.testng.internal.TestInvoker.invokeMethod(TestInvoker.java:523)
at org.testng.internal.TestInvoker.invokeTestMethod(TestInvoker.java:173)
at org.testng.internal.MethodRunner.runInSequence(MethodRunner.java:46)
at org.testng.internal.TestInvoker$MethodInvocationAgent.invoke(TestInvoker.java:816)
at org.testng.internal.TestInvoker.invokeTestMethods(TestInvoker.java:146)
at org.testng.internal.TestMethodWorker.invokeTestMethods(TestMethodWorker.java:146)
at org.testng.internal.TestMethodWorker.run(TestMethodWorker.java:128)
at java.base/java.util.concurrent.ThreadPoolExecutor.runWorker(ThreadPoolExecutor.java:1128)
at java.base/java.util.concurrent.ThreadPoolExecutor$Worker.run(ThreadPoolExecutor.java:628)
at java.base/java.lang.Thread.run(Thread.java:835)
]]>
    </error>
  </testcase> <!-- startUp -->
  <system-out/>
  <testcase classname="seleniumTest.LoginTestNew" name="loginTest_CorrectCredentials_LoggedToApp1" time="0.000">
    <skipped/>
  </testcase> <!-- loginTest_CorrectCredentials_LoggedToApp1 -->
  <system-out/>
  <testcase classname="seleniumTest.LoginTestNew" name="loginTest_CorrectCredentials_LoggedToApp" time="0.000">
    <skipped/>
  </testcase> <!-- loginTest_CorrectCredentials_LoggedToApp -->
  <system-out/>
  <testcase classname="seleniumTest.LoginTestNew" name="loginTest_CorrectCredentials_LoggedToApp3" time="0.000">
    <skipped/>
  </testcase> <!-- loginTest_CorrectCredentials_LoggedToApp3 -->
  <system-out/>
  <testcase classname="seleniumTest.LoginTestNew" name="loginTest_CorrectCredentials_LoggedToApp2" time="0.000">
    <skipped/>
  </testcase> <!-- loginTest_CorrectCredentials_LoggedToApp2 -->
  <system-out/>
</testsuite> <!-- seleniumTest.LoginTestNew -->
